Using pre-set license
Built from '2020.2/staging' branch; Version is '2020.2.6f1 (8a2143876886) revision 9052483'; Using compiler version '192528614'; Build Type 'Release'
OS: 'Windows 10 Pro; OS build 19041.804; Version 2004; 64bit' Language: 'ko' Physical Memory: 32433 MB
BatchMode: 1, IsHumanControllingUs: 0, StartBugReporterOnCrash: 0, Is64bit: 1, IsPro: 0

 COMMAND LINE ARGUMENTS:
D:\Unity\2020.2.6f1\Editor\Unity.exe
-adb2
-batchMode
-noUpm
-name
AssetImportWorker0
-projectPath
E:/__Photon/TestForBOLT/BOLTArena/BOLTArena
-logFile
Logs/AssetImportWorker0.log
-srvPort
53062
Successfully changed project path to: E:/__Photon/TestForBOLT/BOLTArena/BOLTArena
E:/__Photon/TestForBOLT/BOLTArena/BOLTArena
Using Asset Import Pipeline V2.
Refreshing native plugins compatible for Editor in 48.47 ms, found 1 plugins.
Preloading 0 native plugins for Editor in 0.00 ms.
Initialize engine version: 2020.2.6f1 (8a2143876886)
[Subsystems] Discovering subsystems at path D:/Unity/2020.2.6f1/Editor/Data/Resources/UnitySubsystems
[Subsystems] Discovering subsystems at path E:/__Photon/TestForBOLT/BOLTArena/BOLTArena/Assets
GfxDevice: creating device client; threaded=0
Direct3D:
    Version:  Direct3D 11.0 [level 11.1]
    Renderer: Intel(R) UHD Graphics 630 (ID=0x3e92)
    Vendor:   
    VRAM:     16216 MB
    Driver:   27.20.100.8681
Initialize mono
Mono path[0] = 'D:/Unity/2020.2.6f1/Editor/Data/Managed'
Mono path[1] = 'D:/Unity/2020.2.6f1/Editor/Data/MonoBleedingEdge/lib/mono/unityjit'
Mono config path = 'D:/Unity/2020.2.6f1/Editor/Data/MonoBleedingEdge/etc'
Using monoOptions --debugger-agent=transport=dt_socket,embedding=1,server=y,suspend=n,address=127.0.0.1:56504
Begin MonoManager ReloadAssembly
Registering precompiled unity dll's ...
Register platform support module: D:/Unity/2020.2.6f1/Editor/Data/PlaybackEngines/WindowsStandaloneSupport/UnityEditor.WindowsStandalone.Extensions.dll
Registered in 0.001215 seconds.
Native extension for WindowsStandalone target not found
Refreshing native plugins compatible for Editor in 43.95 ms, found 1 plugins.
Preloading 0 native plugins for Editor in 0.00 ms.
Invoked RoslynAnalysisRunner static constructor.
RoslynAnalysisRunner will not be running.
RoslynAnalysisRunner has terminated.
Mono: successfully reloaded assembly
- Completed reload, in  2.335 seconds
Platform modules already initialized, skipping
Registering precompiled user dll's ...
Registered in 0.007890 seconds.
Begin MonoManager ReloadAssembly
Symbol file LoadedFromMemory is not a mono symbol file
Native extension for WindowsStandalone target not found
Refreshing native plugins compatible for Editor in 42.56 ms, found 1 plugins.
Preloading 0 native plugins for Editor in 0.00 ms.
Invoked RoslynAnalysisRunner static constructor.
RoslynAnalysisRunner will not be running.
RoslynAnalysisRunner has terminated.
Mono: successfully reloaded assembly
- Completed reload, in  1.103 seconds
Platform modules already initialized, skipping
========================================================================
Worker process is ready to serve import requests
Launched and connected shader compiler UnityShaderCompiler.exe after 0.06 seconds
Refreshing native plugins compatible for Editor in 0.45 ms, found 1 plugins.
Preloading 0 native plugins for Editor in 0.00 ms.
Unloading 2031 Unused Serialized files (Serialized files now loaded: 0)
System memory in use before: 99.2 MB.
System memory in use after: 98.0 MB.

Unloading 55 unused Assets to reduce memory usage. Loaded Objects now: 2482.
Total: 2.834600 ms (FindLiveObjects: 0.203700 ms CreateObjectMapping: 0.081700 ms MarkObjects: 1.658200 ms  DeleteObjects: 0.890000 ms)

========================================================================
Received Import Request.
  path: Assets/Scripts/PlayerObject.cs
  artifactKey: Guid(2d12033e652c1be499fcb6ae9c6e8c28) Importer(815301076,1909f56bfc062723c751e8b465ee728b)
Start importing Assets/Scripts/PlayerObject.cs using Guid(2d12033e652c1be499fcb6ae9c6e8c28) Importer(815301076,1909f56bfc062723c751e8b465ee728b)  -> (artifact id: 'b958c562073656b57dcd8a2f49831d0d') in 0.090353 seconds
  Import took 0.097462 seconds .

========================================================================
Received Import Request.
  Time since last request: 9.816128 seconds.
  path: Assets/Scripts/StartMain.cs
  artifactKey: Guid(be467f9e83dec2a4591c53b0f243617d) Importer(815301076,1909f56bfc062723c751e8b465ee728b)
Start importing Assets/Scripts/StartMain.cs using Guid(be467f9e83dec2a4591c53b0f243617d) Importer(815301076,1909f56bfc062723c751e8b465ee728b)  -> (artifact id: 'adec01b14e27e9d52dea09e79e9c33a9') in 0.008891 seconds
  Import took 0.012499 seconds .

AssetImportWorkerClient::OnTransportError - code=2 error=End of file
