Using pre-set license
Built from '2020.2/staging' branch; Version is '2020.2.6f1 (8a2143876886) revision 9052483'; Using compiler version '192528614'; Build Type 'Release'
OS: 'Windows 10 Pro; OS build 19041.804; Version 2004; 64bit' Language: 'ko' Physical Memory: 32433 MB
BatchMode: 1, IsHumanControllingUs: 0, StartBugReporterOnCrash: 0, Is64bit: 1, IsPro: 0

 COMMAND LINE ARGUMENTS:
D:\Unity\2020.2.6f1\Editor\Unity.exe
-adb2
-batchMode
-noUpm
-name
AssetImportWorker2
-projectPath
E:/__Photon/TestForBOLT/BOLTArena/BOLTArena/BOLTArena
-logFile
Logs/AssetImportWorker2.log
-srvPort
54003
Successfully changed project path to: E:/__Photon/TestForBOLT/BOLTArena/BOLTArena/BOLTArena
E:/__Photon/TestForBOLT/BOLTArena/BOLTArena/BOLTArena
Using Asset Import Pipeline V2.
Refreshing native plugins compatible for Editor in 293.54 ms, found 1 plugins.
Preloading 0 native plugins for Editor in 0.00 ms.
Initialize engine version: 2020.2.6f1 (8a2143876886)
[Subsystems] Discovering subsystems at path D:/Unity/2020.2.6f1/Editor/Data/Resources/UnitySubsystems
[Subsystems] Discovering subsystems at path E:/__Photon/TestForBOLT/BOLTArena/BOLTArena/BOLTArena/Assets
GfxDevice: creating device client; threaded=0
Direct3D:
    Version:  Direct3D 11.0 [level 11.1]
    Renderer: Intel(R) UHD Graphics 630 (ID=0x3e92)
    Vendor:   
    VRAM:     16216 MB
    Driver:   27.20.100.8681
Initialize mono
Mono path[0] = 'D:/Unity/2020.2.6f1/Editor/Data/Managed'
Mono path[1] = 'D:/Unity/2020.2.6f1/Editor/Data/MonoBleedingEdge/lib/mono/unityjit'
Mono config path = 'D:/Unity/2020.2.6f1/Editor/Data/MonoBleedingEdge/etc'
Using monoOptions --debugger-agent=transport=dt_socket,embedding=1,server=y,suspend=n,address=127.0.0.1:56660
Begin MonoManager ReloadAssembly
Registering precompiled unity dll's ...
Register platform support module: D:/Unity/2020.2.6f1/Editor/Data/PlaybackEngines/WindowsStandaloneSupport/UnityEditor.WindowsStandalone.Extensions.dll
Registered in 0.004085 seconds.
Native extension for WindowsStandalone target not found
Refreshing native plugins compatible for Editor in 251.30 ms, found 1 plugins.
Preloading 0 native plugins for Editor in 0.00 ms.
Invoked RoslynAnalysisRunner static constructor.
RoslynAnalysisRunner will not be running.
RoslynAnalysisRunner has terminated.
Mono: successfully reloaded assembly
- Completed reload, in 10.793 seconds
Platform modules already initialized, skipping
Registering precompiled user dll's ...
Registered in 0.017616 seconds.
Begin MonoManager ReloadAssembly
Symbol file LoadedFromMemory is not a mono symbol file
Native extension for WindowsStandalone target not found
Refreshing native plugins compatible for Editor in 140.03 ms, found 1 plugins.
Preloading 0 native plugins for Editor in 0.00 ms.
Invoked RoslynAnalysisRunner static constructor.
RoslynAnalysisRunner will not be running.
RoslynAnalysisRunner has terminated.
Mono: successfully reloaded assembly
- Completed reload, in  6.203 seconds
Platform modules already initialized, skipping
========================================================================
Worker process is ready to serve import requests
Launched and connected shader compiler UnityShaderCompiler.exe after 0.49 seconds
Refreshing native plugins compatible for Editor in 1.27 ms, found 1 plugins.
Preloading 0 native plugins for Editor in 0.00 ms.
Unloading 2031 Unused Serialized files (Serialized files now loaded: 0)
System memory in use before: 99.3 MB.
System memory in use after: 98.1 MB.

Unloading 55 unused Assets to reduce memory usage. Loaded Objects now: 2482.
Total: 20.868300 ms (FindLiveObjects: 0.554400 ms CreateObjectMapping: 0.575300 ms MarkObjects: 8.635500 ms  DeleteObjects: 11.097000 ms)

========================================================================
Received Import Request.
  path: Assets/Resources/NewPlayerObject.prefab
  artifactKey: Guid(dd4f3c8b536b1c0469f4580f22f93a15) Importer(815301076,1909f56bfc062723c751e8b465ee728b)
Start importing Assets/Resources/NewPlayerObject.prefab using Guid(dd4f3c8b536b1c0469f4580f22f93a15) Importer(815301076,1909f56bfc062723c751e8b465ee728b)  -> (artifact id: 'ee594316a7470b973ff737aa1520dcb8') in 0.559793 seconds
  Import took 0.570021 seconds .

========================================================================
Received Import Request.
  Time since last request: 0.000289 seconds.
  path: Assets/Resources/PlayerObject.prefab
  artifactKey: Guid(f423910011d2e8d4c9b5c587c9e6e385) Importer(815301076,1909f56bfc062723c751e8b465ee728b)
Start importing Assets/Resources/PlayerObject.prefab using Guid(f423910011d2e8d4c9b5c587c9e6e385) Importer(815301076,1909f56bfc062723c751e8b465ee728b)  -> (artifact id: 'ce0f37001a423c28a6a24470025e9038') in 0.062630 seconds
  Import took 0.080197 seconds .

========================================================================
Received Prepare
Refreshing native plugins compatible for Editor in 4.64 ms, found 1 plugins.
Preloading 0 native plugins for Editor in 0.00 ms.
Unloading 41 Unused Serialized files (Serialized files now loaded: 0)
System memory in use before: 58.6 MB.
System memory in use after: 57.5 MB.

Unloading 41 unused Assets to reduce memory usage. Loaded Objects now: 2482.
Total: 3.145500 ms (FindLiveObjects: 0.209500 ms CreateObjectMapping: 0.079300 ms MarkObjects: 1.942800 ms  DeleteObjects: 0.912500 ms)

========================================================================
Received Prepare
Refreshing native plugins compatible for Editor in 5.29 ms, found 1 plugins.
Preloading 0 native plugins for Editor in 0.00 ms.
Unloading 41 Unused Serialized files (Serialized files now loaded: 0)
System memory in use before: 58.6 MB.
System memory in use after: 57.4 MB.

Unloading 41 unused Assets to reduce memory usage. Loaded Objects now: 2482.
Total: 3.419900 ms (FindLiveObjects: 0.203100 ms CreateObjectMapping: 0.103300 ms MarkObjects: 2.189300 ms  DeleteObjects: 0.923400 ms)

========================================================================
Received Import Request.
  Time since last request: 764.390745 seconds.
  path: Assets/Resources/PlayerObject.prefab
  artifactKey: Guid(f423910011d2e8d4c9b5c587c9e6e385) Importer(815301076,1909f56bfc062723c751e8b465ee728b)
Start importing Assets/Resources/PlayerObject.prefab using Guid(f423910011d2e8d4c9b5c587c9e6e385) Importer(815301076,1909f56bfc062723c751e8b465ee728b)  -> (artifact id: '126961f00a5428a041a2bc28baeeeb64') in 0.012373 seconds
  Import took 0.018109 seconds .

========================================================================
Received Import Request.
  Time since last request: 1.390112 seconds.
  path: Assets/Resources/PlayerObject.prefab
  artifactKey: Guid(f423910011d2e8d4c9b5c587c9e6e385) Importer(815301076,1909f56bfc062723c751e8b465ee728b)
Start importing Assets/Resources/PlayerObject.prefab using Guid(f423910011d2e8d4c9b5c587c9e6e385) Importer(815301076,1909f56bfc062723c751e8b465ee728b)  -> (artifact id: '8bc3198e4ce60b9cdf50fec1215b16e5') in 0.007061 seconds
  Import took 0.011479 seconds .

========================================================================
Received Prepare
Refreshing native plugins compatible for Editor in 4.75 ms, found 1 plugins.
Preloading 0 native plugins for Editor in 0.00 ms.
Unloading 41 Unused Serialized files (Serialized files now loaded: 0)
System memory in use before: 58.6 MB.
System memory in use after: 57.4 MB.

Unloading 41 unused Assets to reduce memory usage. Loaded Objects now: 2482.
Total: 3.906600 ms (FindLiveObjects: 0.225800 ms CreateObjectMapping: 0.094300 ms MarkObjects: 2.601000 ms  DeleteObjects: 0.983900 ms)

========================================================================
Received Prepare
Registering precompiled user dll's ...
Registered in 0.012856 seconds.
Begin MonoManager ReloadAssembly
Symbol file LoadedFromMemory is not a mono symbol file
Native extension for WindowsStandalone target not found
Refreshing native plugins compatible for Editor in 0.60 ms, found 1 plugins.
Preloading 0 native plugins for Editor in 0.00 ms.
Invoked RoslynAnalysisRunner static constructor.
RoslynAnalysisRunner will not be running.
RoslynAnalysisRunner has terminated.
Mono: successfully reloaded assembly
- Completed reload, in  0.932 seconds
Platform modules already initialized, skipping
Refreshing native plugins compatible for Editor in 0.47 ms, found 1 plugins.
Preloading 0 native plugins for Editor in 0.00 ms.
Unloading 2001 Unused Serialized files (Serialized files now loaded: 0)
System memory in use before: 97.3 MB.
System memory in use after: 96.1 MB.

Unloading 43 unused Assets to reduce memory usage. Loaded Objects now: 2485.
Total: 2.851500 ms (FindLiveObjects: 0.191100 ms CreateObjectMapping: 0.069400 ms MarkObjects: 1.641000 ms  DeleteObjects: 0.949200 ms)

========================================================================
Received Import Request.
  Time since last request: 222.024671 seconds.
  path: Assets/Resources/PlayerObject.prefab
  artifactKey: Guid(f423910011d2e8d4c9b5c587c9e6e385) Importer(815301076,1909f56bfc062723c751e8b465ee728b)
Start importing Assets/Resources/PlayerObject.prefab using Guid(f423910011d2e8d4c9b5c587c9e6e385) Importer(815301076,1909f56bfc062723c751e8b465ee728b)  -> (artifact id: 'ae9c2f6ba85b3733c0aa07fcc562c20e') in 0.036672 seconds
  Import took 0.040082 seconds .

========================================================================
Received Import Request.
  Time since last request: 0.707899 seconds.
  path: Assets/Resources/PlayerObject.prefab
  artifactKey: Guid(f423910011d2e8d4c9b5c587c9e6e385) Importer(815301076,1909f56bfc062723c751e8b465ee728b)
Start importing Assets/Resources/PlayerObject.prefab using Guid(f423910011d2e8d4c9b5c587c9e6e385) Importer(815301076,1909f56bfc062723c751e8b465ee728b)  -> (artifact id: 'e257bef03f5e575b212a6e9797a3a34b') in 0.010706 seconds
  Import took 0.014271 seconds .

========================================================================
Received Prepare
Registering precompiled user dll's ...
Registered in 0.012650 seconds.
Begin MonoManager ReloadAssembly
Symbol file LoadedFromMemory is not a mono symbol file
Native extension for WindowsStandalone target not found
Refreshing native plugins compatible for Editor in 1.92 ms, found 1 plugins.
Preloading 0 native plugins for Editor in 0.00 ms.
Invoked RoslynAnalysisRunner static constructor.
RoslynAnalysisRunner will not be running.
RoslynAnalysisRunner has terminated.
Mono: successfully reloaded assembly
- Completed reload, in  2.392 seconds
Platform modules already initialized, skipping
Refreshing native plugins compatible for Editor in 0.51 ms, found 1 plugins.
Preloading 0 native plugins for Editor in 0.00 ms.
Unloading 2001 Unused Serialized files (Serialized files now loaded: 0)
System memory in use before: 97.3 MB.
System memory in use after: 96.2 MB.

Unloading 43 unused Assets to reduce memory usage. Loaded Objects now: 2488.
Total: 4.166200 ms (FindLiveObjects: 0.854500 ms CreateObjectMapping: 0.215300 ms MarkObjects: 2.093900 ms  DeleteObjects: 0.997500 ms)

========================================================================
Received Import Request.
  Time since last request: 1094.814591 seconds.
  path: Assets/Scripts/PlayerData.cs
  artifactKey: Guid(400ca698bbf8a794590f43c51f075ffa) Importer(815301076,1909f56bfc062723c751e8b465ee728b)
Start importing Assets/Scripts/PlayerData.cs using Guid(400ca698bbf8a794590f43c51f075ffa) Importer(815301076,1909f56bfc062723c751e8b465ee728b)  -> (artifact id: 'df23673eaea6af768c50144078a9e0c8') in 0.033694 seconds
  Import took 0.037621 seconds .

========================================================================
Received Prepare
Registering precompiled user dll's ...
Registered in 0.009002 seconds.
Begin MonoManager ReloadAssembly
Symbol file LoadedFromMemory is not a mono symbol file
Native extension for WindowsStandalone target not found
Refreshing native plugins compatible for Editor in 0.55 ms, found 1 plugins.
Preloading 0 native plugins for Editor in 0.00 ms.
Invoked RoslynAnalysisRunner static constructor.
RoslynAnalysisRunner will not be running.
RoslynAnalysisRunner has terminated.
Mono: successfully reloaded assembly
- Completed reload, in  0.976 seconds
Platform modules already initialized, skipping
Refreshing native plugins compatible for Editor in 0.54 ms, found 1 plugins.
Preloading 0 native plugins for Editor in 0.00 ms.
Unloading 2002 Unused Serialized files (Serialized files now loaded: 0)
System memory in use before: 97.4 MB.
System memory in use after: 96.2 MB.

Unloading 43 unused Assets to reduce memory usage. Loaded Objects now: 2492.
Total: 3.482400 ms (FindLiveObjects: 0.429200 ms CreateObjectMapping: 0.199100 ms MarkObjects: 1.852100 ms  DeleteObjects: 1.000200 ms)

========================================================================
Received Import Request.
  Time since last request: 830.797565 seconds.
  path: Assets/Scripts/TokenCallbacks.cs
  artifactKey: Guid(7a9ae23e8777aff4c9910bd5d7e817c9) Importer(815301076,1909f56bfc062723c751e8b465ee728b)
Start importing Assets/Scripts/TokenCallbacks.cs using Guid(7a9ae23e8777aff4c9910bd5d7e817c9) Importer(815301076,1909f56bfc062723c751e8b465ee728b)  -> (artifact id: 'b45017a3ee3b940f6f9800d2cad1f86f') in 0.021588 seconds
  Import took 0.030726 seconds .

========================================================================
Received Prepare
Registering precompiled user dll's ...
Registered in 0.008025 seconds.
Begin MonoManager ReloadAssembly
Symbol file LoadedFromMemory is not a mono symbol file
Native extension for WindowsStandalone target not found
Refreshing native plugins compatible for Editor in 0.56 ms, found 1 plugins.
Preloading 0 native plugins for Editor in 0.00 ms.
Invoked RoslynAnalysisRunner static constructor.
RoslynAnalysisRunner will not be running.
RoslynAnalysisRunner has terminated.
Mono: successfully reloaded assembly
- Completed reload, in  1.433 seconds
Platform modules already initialized, skipping
Refreshing native plugins compatible for Editor in 0.48 ms, found 1 plugins.
Preloading 0 native plugins for Editor in 0.00 ms.
Unloading 2003 Unused Serialized files (Serialized files now loaded: 0)
System memory in use before: 97.4 MB.
System memory in use after: 96.3 MB.

Unloading 43 unused Assets to reduce memory usage. Loaded Objects now: 2496.
Total: 3.461800 ms (FindLiveObjects: 0.235400 ms CreateObjectMapping: 0.090800 ms MarkObjects: 1.744100 ms  DeleteObjects: 1.390300 ms)

========================================================================
Received Prepare
Registering precompiled user dll's ...
Registered in 0.008061 seconds.
Begin MonoManager ReloadAssembly
Symbol file LoadedFromMemory is not a mono symbol file
Native extension for WindowsStandalone target not found
Refreshing native plugins compatible for Editor in 0.75 ms, found 1 plugins.
Preloading 0 native plugins for Editor in 0.00 ms.
Invoked RoslynAnalysisRunner static constructor.
RoslynAnalysisRunner will not be running.
RoslynAnalysisRunner has terminated.
Mono: successfully reloaded assembly
- Completed reload, in  1.009 seconds
Platform modules already initialized, skipping
Refreshing native plugins compatible for Editor in 0.49 ms, found 1 plugins.
Preloading 0 native plugins for Editor in 0.00 ms.
Unloading 2003 Unused Serialized files (Serialized files now loaded: 0)
System memory in use before: 97.4 MB.
System memory in use after: 96.3 MB.

Unloading 43 unused Assets to reduce memory usage. Loaded Objects now: 2499.
Total: 5.687000 ms (FindLiveObjects: 0.444100 ms CreateObjectMapping: 0.212600 ms MarkObjects: 3.232900 ms  DeleteObjects: 1.795600 ms)

========================================================================
Received Import Request.
  Time since last request: 6855.967484 seconds.
  path: Assets/Resources/GamePad.prefab
  artifactKey: Guid(2df3bb18c4558bb459e343a0a4b90c83) Importer(815301076,1909f56bfc062723c751e8b465ee728b)
Start importing Assets/Resources/GamePad.prefab using Guid(2df3bb18c4558bb459e343a0a4b90c83) Importer(815301076,1909f56bfc062723c751e8b465ee728b)  -> (artifact id: 'ffeab6e5185bbe1248658c8f06ce136d') in 0.036449 seconds
  Import took 0.040817 seconds .

========================================================================
Received Import Request.
  Time since last request: 66.172777 seconds.
  path: Assets/Resources/SD/hero_Controller.controller
  artifactKey: Guid(a545323ad2f81bf4d94c64fe718b30a5) Importer(815301076,1909f56bfc062723c751e8b465ee728b)
Start importing Assets/Resources/SD/hero_Controller.controller using Guid(a545323ad2f81bf4d94c64fe718b30a5) Importer(815301076,1909f56bfc062723c751e8b465ee728b)  -> (artifact id: '61747e309e7062503b5d66027cce72cc') in 0.015987 seconds
  Import took 0.019274 seconds .

========================================================================
Received Prepare
Registering precompiled user dll's ...
Registered in 0.013519 seconds.
Begin MonoManager ReloadAssembly
Symbol file LoadedFromMemory is not a mono symbol file
Native extension for WindowsStandalone target not found
Refreshing native plugins compatible for Editor in 0.50 ms, found 1 plugins.
Preloading 0 native plugins for Editor in 0.00 ms.
Invoked RoslynAnalysisRunner static constructor.
RoslynAnalysisRunner will not be running.
RoslynAnalysisRunner has terminated.
Mono: successfully reloaded assembly
- Completed reload, in  1.321 seconds
Platform modules already initialized, skipping
Refreshing native plugins compatible for Editor in 0.47 ms, found 1 plugins.
Preloading 0 native plugins for Editor in 0.00 ms.
Unloading 2003 Unused Serialized files (Serialized files now loaded: 0)
System memory in use before: 97.5 MB.
System memory in use after: 96.3 MB.

Unloading 44 unused Assets to reduce memory usage. Loaded Objects now: 2502.
Total: 6.473900 ms (FindLiveObjects: 0.406900 ms CreateObjectMapping: 0.187600 ms MarkObjects: 3.344500 ms  DeleteObjects: 2.419500 ms)

========================================================================
Received Prepare
Registering precompiled user dll's ...
Registered in 0.009864 seconds.
Begin MonoManager ReloadAssembly
Symbol file LoadedFromMemory is not a mono symbol file
Native extension for WindowsStandalone target not found
Refreshing native plugins compatible for Editor in 0.68 ms, found 1 plugins.
Preloading 0 native plugins for Editor in 0.00 ms.
Invoked RoslynAnalysisRunner static constructor.
RoslynAnalysisRunner will not be running.
RoslynAnalysisRunner has terminated.
Mono: successfully reloaded assembly
- Completed reload, in  1.072 seconds
Platform modules already initialized, skipping
Refreshing native plugins compatible for Editor in 0.64 ms, found 1 plugins.
Preloading 0 native plugins for Editor in 0.00 ms.
Unloading 2003 Unused Serialized files (Serialized files now loaded: 0)
System memory in use before: 97.5 MB.
System memory in use after: 96.3 MB.

Unloading 43 unused Assets to reduce memory usage. Loaded Objects now: 2505.
Total: 8.753300 ms (FindLiveObjects: 1.958500 ms CreateObjectMapping: 1.065400 ms MarkObjects: 4.644200 ms  DeleteObjects: 1.074400 ms)

========================================================================
Received Prepare
Registering precompiled user dll's ...
Registered in 0.012559 seconds.
Begin MonoManager ReloadAssembly
Symbol file LoadedFromMemory is not a mono symbol file
Native extension for WindowsStandalone target not found
Refreshing native plugins compatible for Editor in 0.51 ms, found 1 plugins.
Preloading 0 native plugins for Editor in 0.00 ms.
Invoked RoslynAnalysisRunner static constructor.
RoslynAnalysisRunner will not be running.
RoslynAnalysisRunner has terminated.
Mono: successfully reloaded assembly
- Completed reload, in  1.074 seconds
Platform modules already initialized, skipping
Refreshing native plugins compatible for Editor in 0.47 ms, found 1 plugins.
Preloading 0 native plugins for Editor in 0.00 ms.
Unloading 2003 Unused Serialized files (Serialized files now loaded: 0)
System memory in use before: 97.5 MB.
System memory in use after: 96.3 MB.

Unloading 43 unused Assets to reduce memory usage. Loaded Objects now: 2508.
Total: 2.999900 ms (FindLiveObjects: 0.209300 ms CreateObjectMapping: 0.077200 ms MarkObjects: 1.613700 ms  DeleteObjects: 1.098100 ms)

========================================================================
Received Prepare
Registering precompiled user dll's ...
Registered in 0.011169 seconds.
Begin MonoManager ReloadAssembly
Symbol file LoadedFromMemory is not a mono symbol file
Native extension for WindowsStandalone target not found
Refreshing native plugins compatible for Editor in 0.50 ms, found 1 plugins.
Preloading 0 native plugins for Editor in 0.00 ms.
Invoked RoslynAnalysisRunner static constructor.
RoslynAnalysisRunner will not be running.
RoslynAnalysisRunner has terminated.
Mono: successfully reloaded assembly
- Completed reload, in  1.486 seconds
Platform modules already initialized, skipping
Refreshing native plugins compatible for Editor in 0.76 ms, found 1 plugins.
Preloading 0 native plugins for Editor in 0.00 ms.
Unloading 2003 Unused Serialized files (Serialized files now loaded: 0)
System memory in use before: 97.5 MB.
System memory in use after: 96.4 MB.

Unloading 43 unused Assets to reduce memory usage. Loaded Objects now: 2511.
Total: 6.401100 ms (FindLiveObjects: 0.332500 ms CreateObjectMapping: 0.168100 ms MarkObjects: 4.132300 ms  DeleteObjects: 1.763300 ms)

========================================================================
Received Prepare
Registering precompiled user dll's ...
Registered in 0.008887 seconds.
Begin MonoManager ReloadAssembly
Symbol file LoadedFromMemory is not a mono symbol file
Native extension for WindowsStandalone target not found
Refreshing native plugins compatible for Editor in 0.48 ms, found 1 plugins.
Preloading 0 native plugins for Editor in 0.00 ms.
Invoked RoslynAnalysisRunner static constructor.
RoslynAnalysisRunner will not be running.
RoslynAnalysisRunner has terminated.
Mono: successfully reloaded assembly
- Completed reload, in  1.038 seconds
Platform modules already initialized, skipping
Refreshing native plugins compatible for Editor in 0.53 ms, found 1 plugins.
Preloading 0 native plugins for Editor in 0.00 ms.
Unloading 2003 Unused Serialized files (Serialized files now loaded: 0)
System memory in use before: 97.6 MB.
System memory in use after: 96.4 MB.

Unloading 43 unused Assets to reduce memory usage. Loaded Objects now: 2514.
Total: 5.641000 ms (FindLiveObjects: 0.250600 ms CreateObjectMapping: 0.116300 ms MarkObjects: 4.177300 ms  DeleteObjects: 1.095300 ms)

========================================================================
Received Prepare
Registering precompiled user dll's ...
Registered in 0.012234 seconds.
Begin MonoManager ReloadAssembly
Symbol file LoadedFromMemory is not a mono symbol file
Native extension for WindowsStandalone target not found
Refreshing native plugins compatible for Editor in 0.52 ms, found 1 plugins.
Preloading 0 native plugins for Editor in 0.00 ms.
Invoked RoslynAnalysisRunner static constructor.
RoslynAnalysisRunner will not be running.
RoslynAnalysisRunner has terminated.
Mono: successfully reloaded assembly
- Completed reload, in  0.940 seconds
Platform modules already initialized, skipping
Refreshing native plugins compatible for Editor in 0.47 ms, found 1 plugins.
Preloading 0 native plugins for Editor in 0.00 ms.
Unloading 2003 Unused Serialized files (Serialized files now loaded: 0)
System memory in use before: 97.6 MB.
System memory in use after: 96.4 MB.

Unloading 43 unused Assets to reduce memory usage. Loaded Objects now: 2517.
Total: 3.048600 ms (FindLiveObjects: 0.186600 ms CreateObjectMapping: 0.068100 ms MarkObjects: 1.674000 ms  DeleteObjects: 1.118900 ms)

========================================================================
Received Prepare
Registering precompiled user dll's ...
Registered in 0.008474 seconds.
Begin MonoManager ReloadAssembly
Symbol file LoadedFromMemory is not a mono symbol file
Native extension for WindowsStandalone target not found
Refreshing native plugins compatible for Editor in 0.48 ms, found 1 plugins.
Preloading 0 native plugins for Editor in 0.00 ms.
Invoked RoslynAnalysisRunner static constructor.
RoslynAnalysisRunner will not be running.
RoslynAnalysisRunner has terminated.
Mono: successfully reloaded assembly
- Completed reload, in  1.001 seconds
Platform modules already initialized, skipping
Refreshing native plugins compatible for Editor in 0.47 ms, found 1 plugins.
Preloading 0 native plugins for Editor in 0.00 ms.
Unloading 2003 Unused Serialized files (Serialized files now loaded: 0)
System memory in use before: 97.6 MB.
System memory in use after: 96.4 MB.

Unloading 43 unused Assets to reduce memory usage. Loaded Objects now: 2520.
Total: 3.335700 ms (FindLiveObjects: 0.198500 ms CreateObjectMapping: 0.070700 ms MarkObjects: 1.813400 ms  DeleteObjects: 1.252000 ms)

========================================================================
Received Prepare
Registering precompiled user dll's ...
Registered in 0.019041 seconds.
Begin MonoManager ReloadAssembly
Symbol file LoadedFromMemory is not a mono symbol file
Native extension for WindowsStandalone target not found
Refreshing native plugins compatible for Editor in 0.47 ms, found 1 plugins.
Preloading 0 native plugins for Editor in 0.00 ms.
Invoked RoslynAnalysisRunner static constructor.
RoslynAnalysisRunner will not be running.
RoslynAnalysisRunner has terminated.
Mono: successfully reloaded assembly
- Completed reload, in  0.950 seconds
Platform modules already initialized, skipping
Refreshing native plugins compatible for Editor in 0.48 ms, found 1 plugins.
Preloading 0 native plugins for Editor in 0.00 ms.
Unloading 2003 Unused Serialized files (Serialized files now loaded: 0)
System memory in use before: 97.6 MB.
System memory in use after: 96.4 MB.

Unloading 43 unused Assets to reduce memory usage. Loaded Objects now: 2523.
Total: 3.021900 ms (FindLiveObjects: 0.198600 ms CreateObjectMapping: 0.075600 ms MarkObjects: 1.678100 ms  DeleteObjects: 1.068400 ms)

========================================================================
Received Prepare
Registering precompiled user dll's ...
Registered in 0.007751 seconds.
Begin MonoManager ReloadAssembly
Symbol file LoadedFromMemory is not a mono symbol file
Native extension for WindowsStandalone target not found
Refreshing native plugins compatible for Editor in 0.48 ms, found 1 plugins.
Preloading 0 native plugins for Editor in 0.00 ms.
Invoked RoslynAnalysisRunner static constructor.
RoslynAnalysisRunner will not be running.
RoslynAnalysisRunner has terminated.
Mono: successfully reloaded assembly
- Completed reload, in  1.069 seconds
Platform modules already initialized, skipping
Refreshing native plugins compatible for Editor in 0.48 ms, found 1 plugins.
Preloading 0 native plugins for Editor in 0.00 ms.
Unloading 2003 Unused Serialized files (Serialized files now loaded: 0)
System memory in use before: 97.6 MB.
System memory in use after: 96.4 MB.

Unloading 43 unused Assets to reduce memory usage. Loaded Objects now: 2526.
Total: 4.493100 ms (FindLiveObjects: 0.254400 ms CreateObjectMapping: 0.133000 ms MarkObjects: 2.865800 ms  DeleteObjects: 1.237900 ms)

========================================================================
Received Prepare
Registering precompiled user dll's ...
Registered in 0.008782 seconds.
Begin MonoManager ReloadAssembly
Symbol file LoadedFromMemory is not a mono symbol file
Native extension for WindowsStandalone target not found
Refreshing native plugins compatible for Editor in 0.55 ms, found 1 plugins.
Preloading 0 native plugins for Editor in 0.00 ms.
Invoked RoslynAnalysisRunner static constructor.
RoslynAnalysisRunner will not be running.
RoslynAnalysisRunner has terminated.
Mono: successfully reloaded assembly
- Completed reload, in  0.936 seconds
Platform modules already initialized, skipping
Refreshing native plugins compatible for Editor in 0.48 ms, found 1 plugins.
Preloading 0 native plugins for Editor in 0.00 ms.
Unloading 2003 Unused Serialized files (Serialized files now loaded: 0)
System memory in use before: 97.6 MB.
System memory in use after: 96.4 MB.

Unloading 43 unused Assets to reduce memory usage. Loaded Objects now: 2529.
Total: 4.599700 ms (FindLiveObjects: 0.549600 ms CreateObjectMapping: 0.292300 ms MarkObjects: 2.561300 ms  DeleteObjects: 1.194000 ms)

========================================================================
Received Prepare
Refreshing native plugins compatible for Editor in 5.09 ms, found 1 plugins.
Preloading 0 native plugins for Editor in 0.00 ms.
Unloading 41 Unused Serialized files (Serialized files now loaded: 0)
System memory in use before: 58.8 MB.
System memory in use after: 57.6 MB.

Unloading 41 unused Assets to reduce memory usage. Loaded Objects now: 2529.
Total: 3.129500 ms (FindLiveObjects: 0.212600 ms CreateObjectMapping: 0.071500 ms MarkObjects: 1.752000 ms  DeleteObjects: 1.092200 ms)

========================================================================
Received Prepare
Registering precompiled user dll's ...
Registered in 0.007662 seconds.
Begin MonoManager ReloadAssembly
Symbol file LoadedFromMemory is not a mono symbol file
Native extension for WindowsStandalone target not found
Refreshing native plugins compatible for Editor in 2.21 ms, found 1 plugins.
Preloading 0 native plugins for Editor in 0.00 ms.
Invoked RoslynAnalysisRunner static constructor.
RoslynAnalysisRunner will not be running.
RoslynAnalysisRunner has terminated.
Mono: successfully reloaded assembly
- Completed reload, in  1.230 seconds
Platform modules already initialized, skipping
Refreshing native plugins compatible for Editor in 1.56 ms, found 1 plugins.
Preloading 0 native plugins for Editor in 0.00 ms.
Unloading 2003 Unused Serialized files (Serialized files now loaded: 0)
System memory in use before: 97.6 MB.
System memory in use after: 96.4 MB.

Unloading 43 unused Assets to reduce memory usage. Loaded Objects now: 2532.
Total: 2.895500 ms (FindLiveObjects: 0.224500 ms CreateObjectMapping: 0.087400 ms MarkObjects: 1.534600 ms  DeleteObjects: 1.047800 ms)

========================================================================
Received Prepare
Registering precompiled user dll's ...
Registered in 0.007837 seconds.
Begin MonoManager ReloadAssembly
Symbol file LoadedFromMemory is not a mono symbol file
Native extension for WindowsStandalone target not found
Refreshing native plugins compatible for Editor in 1.65 ms, found 1 plugins.
Preloading 0 native plugins for Editor in 0.00 ms.
Invoked RoslynAnalysisRunner static constructor.
RoslynAnalysisRunner will not be running.
RoslynAnalysisRunner has terminated.
Mono: successfully reloaded assembly
- Completed reload, in  1.652 seconds
Platform modules already initialized, skipping
Refreshing native plugins compatible for Editor in 0.76 ms, found 1 plugins.
Preloading 0 native plugins for Editor in 0.00 ms.
Unloading 2003 Unused Serialized files (Serialized files now loaded: 0)
System memory in use before: 97.6 MB.
System memory in use after: 96.4 MB.

Unloading 43 unused Assets to reduce memory usage. Loaded Objects now: 2535.
Total: 4.193200 ms (FindLiveObjects: 0.255700 ms CreateObjectMapping: 0.078100 ms MarkObjects: 1.733700 ms  DeleteObjects: 2.124100 ms)

========================================================================
Received Prepare
Registering precompiled user dll's ...
Registered in 0.008107 seconds.
Begin MonoManager ReloadAssembly
Symbol file LoadedFromMemory is not a mono symbol file
Native extension for WindowsStandalone target not found
Refreshing native plugins compatible for Editor in 0.56 ms, found 1 plugins.
Preloading 0 native plugins for Editor in 0.00 ms.
Invoked RoslynAnalysisRunner static constructor.
RoslynAnalysisRunner will not be running.
RoslynAnalysisRunner has terminated.
Mono: successfully reloaded assembly
- Completed reload, in  1.023 seconds
Platform modules already initialized, skipping
Refreshing native plugins compatible for Editor in 0.49 ms, found 1 plugins.
Preloading 0 native plugins for Editor in 0.00 ms.
Unloading 2003 Unused Serialized files (Serialized files now loaded: 0)
System memory in use before: 97.5 MB.
System memory in use after: 96.4 MB.

Unloading 43 unused Assets to reduce memory usage. Loaded Objects now: 2538.
Total: 2.993400 ms (FindLiveObjects: 0.195400 ms CreateObjectMapping: 0.074100 ms MarkObjects: 1.679900 ms  DeleteObjects: 1.042900 ms)

========================================================================
Received Prepare
Refreshing native plugins compatible for Editor in 5.20 ms, found 1 plugins.
Preloading 0 native plugins for Editor in 0.00 ms.
Unloading 41 Unused Serialized files (Serialized files now loaded: 0)
System memory in use before: 58.8 MB.
System memory in use after: 57.6 MB.

Unloading 41 unused Assets to reduce memory usage. Loaded Objects now: 2538.
Total: 3.286400 ms (FindLiveObjects: 0.265400 ms CreateObjectMapping: 0.086500 ms MarkObjects: 1.826800 ms  DeleteObjects: 1.106600 ms)

========================================================================
Received Prepare
Registering precompiled user dll's ...
Registered in 0.011773 seconds.
Begin MonoManager ReloadAssembly
Symbol file LoadedFromMemory is not a mono symbol file
Native extension for WindowsStandalone target not found
Refreshing native plugins compatible for Editor in 0.49 ms, found 1 plugins.
Preloading 0 native plugins for Editor in 0.00 ms.
Invoked RoslynAnalysisRunner static constructor.
RoslynAnalysisRunner will not be running.
RoslynAnalysisRunner has terminated.
Mono: successfully reloaded assembly
- Completed reload, in  1.088 seconds
Platform modules already initialized, skipping
Refreshing native plugins compatible for Editor in 0.49 ms, found 1 plugins.
Preloading 0 native plugins for Editor in 0.00 ms.
Unloading 2003 Unused Serialized files (Serialized files now loaded: 0)
System memory in use before: 97.6 MB.
System memory in use after: 96.4 MB.

Unloading 43 unused Assets to reduce memory usage. Loaded Objects now: 2541.
Total: 3.244100 ms (FindLiveObjects: 0.222600 ms CreateObjectMapping: 0.081600 ms MarkObjects: 1.735900 ms  DeleteObjects: 1.202900 ms)

AssetImportWorkerClient::OnTransportError - code=2 error=End of file
